
Gurobi 10.0.3 (win64) logging started Sun Dec 17 21:38:52 2023

Set parameter LogFile to value "./resultados/log.log"
Set parameter TimeLimit to value 600
Gurobi Optimizer version 10.0.3 build v10.0.3rc0 (win64)

CPU model: AMD Ryzen 5 5600 6-Core Processor, instruction set [SSE2|AVX|AVX2]
Thread count: 6 physical cores, 12 logical processors, using up to 12 threads

Academic license 2433534 - for non-commercial use only - registered to gm___@gmail.com
Optimize a model with 5505 rows, 5000 columns and 38952 nonzeros
Model fingerprint: 0xac6799ad
Variable types: 0 continuous, 5000 integer (5000 binary)
Coefficient statistics:
  Matrix range     [1e+00, 6e+00]
  Objective range  [5e-01, 5e+00]
  Bounds range     [1e+00, 1e+00]
  RHS range        [1e+00, 1e+00]
Found heuristic solution: objective 13637.000000
Presolve removed 5499 rows and 2499 columns
Presolve time: 0.01s
Presolved: 6 rows, 2501 columns, 97 nonzeros
Variable types: 0 continuous, 2501 integer (2500 binary)
Root relaxation presolved: 11 rows, 2501 columns, 190 nonzeros


Root relaxation: objective 1.200000e+01, 6 iterations, 0.00 seconds (0.00 work units)

    Nodes    |    Current Node    |     Objective Bounds      |     Work
 Expl Unexpl |  Obj  Depth IntInf | Incumbent    BestBd   Gap | It/Node Time

     0     0   12.00000    0    - 13637.0000   12.00000   100%     -    3s
     0     0   14.00000    0    - 13637.0000   14.00000   100%     -    3s
     0     0   18.00000    0    - 13637.0000   18.00000   100%     -    3s
     0     0   19.00000    0    - 13637.0000   19.00000   100%     -    4s
     0     0   21.00000    0    4 13637.0000   21.00000   100%     -    4s
H    0     0                     169.0000000   23.50000  86.1%     -   10s
     0     0   23.50000    0   10  169.00000   23.50000  86.1%     -   10s
H    0     0                      64.0000000   23.50000  63.3%     -   10s
     0     2   24.00000    0   25   64.00000   24.00000  62.5%     -   13s
     7    12   26.33333    3   26   64.00000   24.50000  61.7%  20.0   16s
H   17    19                      63.0000000   27.00000  57.1%  21.5   19s
    31    33   28.00000    5    -   63.00000   27.71429  56.0%  24.1   25s
H   33    34                      57.0000000   27.71429  51.4%  23.8   27s
    41    45   28.00000    5    7   57.00000   28.00000  50.9%  23.7   30s
H   63    56                      53.0000000   28.00000  47.2%  21.7   39s
    65    72   28.20000    9   18   53.00000   28.00000  47.2%  21.8   40s
H   68    72                      45.0000000   28.00000  37.8%  21.0   41s
    85    91   30.00000   12    4   45.00000   28.31250  37.1%  19.6   48s
   101   107   29.30487   12   36   45.00000   28.40000  36.9%  19.1   54s
   117   117   30.44828    5   28   45.00000   28.50000  36.7%  21.1   60s
   135   136   29.16667    7   28   45.00000   28.60000  36.4%  23.2   73s
   156   158   30.33333    6    9   45.00000   28.66667  36.3%  23.6   80s
   177   170   30.23846    9   22   45.00000   29.00000  35.6%  24.4   88s
   198   187   29.63934   10   25   45.00000   29.00000  35.6%  26.0   96s
   210   198   31.16667    6   16   45.00000   29.09252  35.3%  27.5  106s
   214   198   29.95000   16   26   45.00000   29.10591  35.3%  27.4  119s
H  216   198                      43.0000000   29.12500  32.3%  27.5  120s
H  229   214                      36.0000000   29.50000  18.1%  29.9  130s
   237   215   29.96000    9   35   36.00000   29.50000  18.1%  31.4  138s
   247   232   29.50000   15   14   36.00000   29.50000  18.1%  33.3  142s
   256   241   30.50000   17   14   36.00000   29.51296  18.0%  34.5  146s
H  261   241                      35.0000000   29.57143  15.5%  35.0  148s
   265   249   30.48282   11   35   35.00000   29.66667  15.2%  36.2  150s
   267   249   30.56564   13   53   35.00000   29.72593  15.1%  36.4  156s
   273   257   32.00000   12    -   35.00000   29.80000  14.9%  37.7  168s
H  277   258                      34.0000000   29.80508  12.3%  37.8  175s
   283   261   30.50000   17   15   34.00000   29.96000  11.9%  39.4  183s
   291   266   30.44000    8   22   34.00000   30.00000  11.8%  41.8  197s
   303   273   30.50000   13    9   34.00000   30.00000  11.8%  42.7  205s
   314   284   31.80952   17   33   34.00000   30.00000  11.8%  44.6  219s
   324   291   30.27732   18   61   34.00000   30.05556  11.6%  46.0  234s
   331   294   32.00000    8   12   34.00000   30.11111  11.4%  46.9  237s
   339   299   31.81497   10   60   34.00000   30.14856  11.3%  48.3  255s
   353   311   31.52206   11   39   34.00000   30.31250  10.8%  50.9  276s
   367   315   30.64286   12   26   34.00000   30.43263  10.5%  51.6  280s
   372   323   32.10714    7   43   34.00000   30.45850  10.4%  52.4  287s
   378   323   32.83333    6   18   34.00000   30.50000  10.3%  52.4  295s
   382   332   32.25000    8   20   34.00000   30.50000  10.3%  53.0  302s
   390   332   30.95585    9   68   34.00000   30.50000  10.3%  53.4  311s
   393   341   32.00000    9   11   34.00000   30.50000  10.3%  53.9  317s
   401   349   32.65292   10   36   34.00000   30.50000  10.3%  54.5  325s
   413   358   31.00000    8   15   34.00000   30.50567  10.3%  55.4  335s
   424   369   31.00000   17   14   34.00000   30.53110  10.2%  55.6  344s
   437   379   31.00000   18   13   34.00000   30.55556  10.1%  56.4  355s
   439   379   32.50000   14   14   34.00000   30.56609  10.1%  56.7  362s
   449   389   32.26087   14   36   34.00000   30.62500  9.93%  58.0  370s
   454   389   31.60714   13   29   34.00000   30.64286  9.87%  57.9  382s
   461   398     cutoff    8        34.00000   30.73451  9.60%  58.2  389s
   468   398   32.21976    9   62   34.00000   30.73990  9.59%  58.3  397s
   473   406   30.85555   12   76   34.00000   30.75569  9.54%  58.8  409s
   482   414   31.00000   15   18   34.00000   30.82671  9.33%  59.6  438s
   491   414     cutoff    8        34.00000   30.84066  9.29%  60.3  446s
   495   426   31.50000   12   16   34.00000   30.86364  9.22%  60.6  453s
H  497   318                      32.0000000   30.86364  3.55%  60.5  453s
   506   309   31.00000   10   17   32.00000   30.89676  3.45%  60.6  477s
   510    54     cutoff   16        32.00000   30.90915  3.41%  60.8  484s
   529     5     cutoff   10        32.00000   30.95640  3.26%  59.2  486s
   592     0     cutoff   20        32.00000   31.00000  3.13%  54.0  492s

Cutting planes:
  Lazy constraints: 1996

Explored 597 nodes (32112 simplex iterations) in 492.56 seconds (4.24 work units)
Thread count was 12 (of 12 available processors)

Solution count 10: 32 34 35 ... 64

Optimal solution found (tolerance 1.00e-04)
Best objective 3.200000000000e+01, best bound 3.200000000000e+01, gap 0.0000%

User-callback calls 1931, time in user-callback 487.90 sec
